This is pdfTeX, Version 3.141592653-2.6-1.40.26 (MiKTeX 24.4) (preloaded format=pdflatex 2025.1.15)  3 OCT 2025 18:04
entering extended mode
 restricted \write18 enabled.
 file:line:error style messages enabled.
 %&-line parsing enabled.
**c:/Users/eirik/Documents/FYSSTK3155/FYSSTK3155/Project1/Latex/Report.tex
(c:/Users/eirik/Documents/FYSSTK3155/FYSSTK3155/Project1/Latex/Report.tex
LaTeX2e <2024-11-01> patch level 1
L3 programming layer <2024-12-25>
(C:\Users\eirik\AppData\Local\Programs\MiKTeX\tex/latex/revtex4\revtex4.cls
Document Class: revtex4 2020/09/30 v4.0a (http://publish.aps.org/revtex4/ for documentation)
 Copyright (c) 2001 The American Physical Society.
 mailto:revtex@aps.org
 Licensed under the LPPL:
http://www.ctan.org/tex-archive/macros/latex/base/lppl.txt
 Arthur Ogawa <ogawa@teleport.com>
 Based on work by David Carlisle <david@dcarlisle.demon.co.uk>.
ltxutil: portions licensed from W. E. Baxter (web@superscript.com)
Class revtex4 Info: Repairing broken LateX \@sect on input line 640.
\intertabularlinepenalty=\count196
\@tbpen=\count197
\@arstrutbox@hline=\box52
Class revtex4 Info: Repairing broken LaTeX \@xbitor on input line 1654.
ltxgrid: portions licensed from W. E. Baxter (web@superscript.com)
\c@linecount=\count198
\output=\toks17
\@protection@box=\box53
\@topmark@saved=\toks18
\footins@saved=\box54
\pagesofar=\box55
\footbox=\box56
\pagegrid@col=\count199
Class revtex4 Info: Incorporating package {textcase}  [1998/11/12 v0.06 Text only upper/lower case changing (DPC)]. on input line 3736.
(C:\Users\eirik\AppData\Local\Programs\MiKTeX\tex/latex/url\url.sty
\Urlmuskip=\muskip17
Package: url 2013/09/16  ver 3.4  Verb mode for urls, etc.
)
\c@affil=\count266
\absbox=\box57
\c@part=\count267
\c@section=\count268
\c@subsection=\count269
\c@subsubsection=\count270
\c@paragraph=\count271
\c@subparagraph=\count272
\abovecaptionskip=\skip49
\belowcaptionskip=\skip50
\c@figure=\count273
\c@table=\count274
 (C:\Users\eirik\AppData\Local\Programs\MiKTeX\tex/latex/natbib\natbib.sty
Package: natbib 2010/09/13 8.31b (PWD, AO)
\bibhang=\skip51
\bibsep=\skip52
LaTeX Info: Redefining \cite on input line 694.
\c@NAT@ctr=\count275
)
\widetext@top=\box58
\widetext@bot=\box59
 (C:\Users\eirik\AppData\Local\Programs\MiKTeX\tex/latex/revtex4\revsymb.sty
Package: revsymb 2020/09/30 v4.0a (http://publish.aps.org/revtex4/ for documentation)
LaTeX Info: Redefining \REV@mathfrak on input line 118.
)) (C:\Users\eirik\AppData\Local\Programs\MiKTeX\tex/latex/amsfonts\amssymb.sty
Package: amssymb 2013/01/14 v3.01 AMS font symbols
 (C:\Users\eirik\AppData\Local\Programs\MiKTeX\tex/latex/amsfonts\amsfonts.sty
Package: amsfonts 2013/01/14 v3.01 Basic AMSFonts support
\@emptytoks=\toks19
\symAMSa=\mathgroup4
\symAMSb=\mathgroup5
LaTeX Font Info:    Redeclaring math symbol \hbar on input line 98.
LaTeX Font Info:    Overwriting math alphabet `\mathfrak' in version `bold'
(Font)                  U/euf/m/n --> U/euf/b/n on input line 106.
LaTeX Info: Redefining \frak on input line 111.
LaTeX Info: Redefining \Bbb on input line 113.
)) (C:\Users\eirik\AppData\Local\Programs\MiKTeX\tex/latex/revtex4\aps.rtx
File: aps.rtx 2020/09/30 v4.0a (http://publish.aps.org/revtex4/ for documentation)
) (C:\Users\eirik\AppData\Local\Programs\MiKTeX\tex/latex/revtex4\10pt.rtx
File: 10pt.rtx 2020/09/30 v4.0a (http://publish.aps.org/revtex4/ for documentation)
) (C:\Users\eirik\AppData\Local\Programs\MiKTeX\tex/latex/base\inputenc.sty
Package: inputenc 2024/02/08 v1.3d Input encoding file
\inpenc@prehook=\toks20
\inpenc@posthook=\toks21
) (C:\Users\eirik\AppData\Local\Programs\MiKTeX\tex/generic/babel\babel.sty
Package: babel 2025/01/01 v25.1 The multilingual framework for pdfLaTeX, LuaLaTeX and XeLaTeX
\babel@savecnt=\count276
\U@D=\dimen141
\l@unhyphenated=\language79
 (C:\Users\eirik\AppData\Local\Programs\MiKTeX\tex/generic/babel\txtbabel.def)
\bbl@readstream=\read2
\bbl@dirlevel=\count277

*************************************
* Local config file bblopts.cfg used
*
(C:\Users\eirik\AppData\Local\Programs\MiKTeX\tex/latex/arabi\bblopts.cfg
File: bblopts.cfg 2005/09/08 v0.1 add Arabic and Farsi to "declared" options of babel
) (C:\Users\eirik\AppData\Local\Programs\MiKTeX\tex/latex/babel-english\english.ldf
Language: english 2017/06/06 v3.3r English support from the babel system
Package babel Info: Hyphen rules for 'canadian' set to \l@english
(babel)             (\language0). Reported on input line 102.
Package babel Info: Hyphen rules for 'australian' set to \l@ukenglish
(babel)             (\language73). Reported on input line 105.
Package babel Info: Hyphen rules for 'newzealand' set to \l@ukenglish
(babel)             (\language73). Reported on input line 108.
)) (C:\Users\eirik\AppData\Local\Programs\MiKTeX\tex/generic/babel/locale/en\babel-english.tex
Package babel Info: Importing font and identification data for english
(babel)             from babel-en.ini. Reported on input line 11.
) (C:\Users\eirik\AppData\Local\Programs\MiKTeX\tex/latex/physics\physics.sty
Package: physics 
 (C:\Users\eirik\AppData\Local\Programs\MiKTeX\tex/latex/l3packages/xparse\xparse.sty (C:\Users\eirik\AppData\Local\Programs\MiKTeX\tex/latex/l3kernel\expl3.sty
Package: expl3 2024-12-25 L3 programming layer (loader) 
 (C:\Users\eirik\AppData\Local\Programs\MiKTeX\tex/latex/l3backend\l3backend-pdftex.def
File: l3backend-pdftex.def 2024-05-08 L3 backend support: PDF output (pdfTeX)
\l__color_backend_stack_int=\count278
\l__pdf_internal_box=\box60
))
Package: xparse 2024-08-16 L3 Experimental document command parser
) (C:\Users\eirik\AppData\Local\Programs\MiKTeX\tex/latex/amsmath\amsmath.sty
Package: amsmath 2024/11/05 v2.17t AMS math features
\@mathmargin=\skip53

For additional information on amsmath, use the `?' option.
(C:\Users\eirik\AppData\Local\Programs\MiKTeX\tex/latex/amsmath\amstext.sty
Package: amstext 2021/08/26 v2.01 AMS text
 (C:\Users\eirik\AppData\Local\Programs\MiKTeX\tex/latex/amsmath\amsgen.sty
File: amsgen.sty 1999/11/30 v2.0 generic functions
\@emptytoks=\toks22
\ex@=\dimen142
)) (C:\Users\eirik\AppData\Local\Programs\MiKTeX\tex/latex/amsmath\amsbsy.sty
Package: amsbsy 1999/11/29 v1.2d Bold Symbols
\pmbraise@=\dimen143
) (C:\Users\eirik\AppData\Local\Programs\MiKTeX\tex/latex/amsmath\amsopn.sty
Package: amsopn 2022/04/08 v2.04 operator names
)
\inf@bad=\count279
LaTeX Info: Redefining \frac on input line 233.
\uproot@=\count280
\leftroot@=\count281
LaTeX Info: Redefining \overline on input line 398.
LaTeX Info: Redefining \colon on input line 409.
\classnum@=\count282
\DOTSCASE@=\count283
LaTeX Info: Redefining \ldots on input line 495.
LaTeX Info: Redefining \dots on input line 498.
LaTeX Info: Redefining \cdots on input line 619.
\Mathstrutbox@=\box61
\strutbox@=\box62
LaTeX Info: Redefining \big on input line 721.
LaTeX Info: Redefining \Big on input line 722.
LaTeX Info: Redefining \bigg on input line 723.
LaTeX Info: Redefining \Bigg on input line 724.
\big@size=\dimen144
LaTeX Font Info:    Redeclaring font encoding OML on input line 742.
LaTeX Font Info:    Redeclaring font encoding OMS on input line 743.
\macc@depth=\count284
LaTeX Info: Redefining \bmod on input line 904.
LaTeX Info: Redefining \pmod on input line 909.
LaTeX Info: Redefining \smash on input line 939.
LaTeX Info: Redefining \relbar on input line 969.
LaTeX Info: Redefining \Relbar on input line 970.
\c@MaxMatrixCols=\count285
\dotsspace@=\muskip18
\c@parentequation=\count286
\dspbrk@lvl=\count287
\tag@help=\toks23
\row@=\count288
\column@=\count289
\maxfields@=\count290
\andhelp@=\toks24
\eqnshift@=\dimen145
\alignsep@=\dimen146
\tagshift@=\dimen147
\tagwidth@=\dimen148
\totwidth@=\dimen149
\lineht@=\dimen150
\@envbody=\toks25
\multlinegap=\skip54
\multlinetaggap=\skip55
\mathdisplay@stack=\toks26
LaTeX Info: Redefining \[ on input line 2953.
LaTeX Info: Redefining \] on input line 2954.
)) (C:\Users\eirik\AppData\Local\Programs\MiKTeX\tex/latex/graphics\graphicx.sty
Package: graphicx 2021/09/16 v1.2d Enhanced LaTeX Graphics (DPC,SPQR)
 (C:\Users\eirik\AppData\Local\Programs\MiKTeX\tex/latex/graphics\keyval.sty
Package: keyval 2022/05/29 v1.15 key=value parser (DPC)
\KV@toks@=\toks27
) (C:\Users\eirik\AppData\Local\Programs\MiKTeX\tex/latex/graphics\graphics.sty
Package: graphics 2024/08/06 v1.4g Standard LaTeX Graphics (DPC,SPQR)
 (C:\Users\eirik\AppData\Local\Programs\MiKTeX\tex/latex/graphics\trig.sty
Package: trig 2023/12/02 v1.11 sin cos tan (DPC)
) (C:\Users\eirik\AppData\Local\Programs\MiKTeX\tex/latex/graphics-cfg\graphics.cfg
File: graphics.cfg 2016/06/04 v1.11 sample graphics configuration
)
Package graphics Info: Driver file: pdftex.def on input line 106.
 (C:\Users\eirik\AppData\Local\Programs\MiKTeX\tex/latex/graphics-def\pdftex.def
File: pdftex.def 2024/04/13 v1.2c Graphics/color driver for pdftex
))
\Gin@req@height=\dimen151
\Gin@req@width=\dimen152
) (C:\Users\eirik\AppData\Local\Programs\MiKTeX\tex/latex/xcolor\xcolor.sty
Package: xcolor 2024/09/29 v3.02 LaTeX color extensions (UK)
 (C:\Users\eirik\AppData\Local\Programs\MiKTeX\tex/latex/graphics-cfg\color.cfg
File: color.cfg 2016/01/02 v1.6 sample color configuration
)
Package xcolor Info: Driver file: pdftex.def on input line 274.
 (C:\Users\eirik\AppData\Local\Programs\MiKTeX\tex/latex/graphics\mathcolor.ltx)
Package xcolor Info: Model `cmy' substituted by `cmy0' on input line 1349.
Package xcolor Info: Model `hsb' substituted by `rgb' on input line 1353.
Package xcolor Info: Model `RGB' extended on input line 1365.
Package xcolor Info: Model `HTML' substituted by `rgb' on input line 1367.
Package xcolor Info: Model `Hsb' substituted by `hsb' on input line 1368.
Package xcolor Info: Model `tHsb' substituted by `hsb' on input line 1369.
Package xcolor Info: Model `HSB' substituted by `hsb' on input line 1370.
Package xcolor Info: Model `Gray' substituted by `gray' on input line 1371.
Package xcolor Info: Model `wave' substituted by `hsb' on input line 1372.
) (C:\Users\eirik\AppData\Local\Programs\MiKTeX\tex/latex/hyperref\hyperref.sty
Package: hyperref 2024-11-05 v7.01l Hypertext links for LaTeX
 (C:\Users\eirik\AppData\Local\Programs\MiKTeX\tex/generic/iftex\iftex.sty
Package: iftex 2024/12/12 v1.0g TeX engine tests
) (C:\Users\eirik\AppData\Local\Programs\MiKTeX\tex/latex/kvsetkeys\kvsetkeys.sty
Package: kvsetkeys 2022-10-05 v1.19 Key value parser (HO)
) (C:\Users\eirik\AppData\Local\Programs\MiKTeX\tex/generic/kvdefinekeys\kvdefinekeys.sty
Package: kvdefinekeys 2019-12-19 v1.6 Define keys (HO)
) (C:\Users\eirik\AppData\Local\Programs\MiKTeX\tex/generic/pdfescape\pdfescape.sty
Package: pdfescape 2019/12/09 v1.15 Implements pdfTeX's escape features (HO)
 (C:\Users\eirik\AppData\Local\Programs\MiKTeX\tex/generic/ltxcmds\ltxcmds.sty
Package: ltxcmds 2023-12-04 v1.26 LaTeX kernel commands for general use (HO)
) (C:\Users\eirik\AppData\Local\Programs\MiKTeX\tex/generic/pdftexcmds\pdftexcmds.sty
Package: pdftexcmds 2020-06-27 v0.33 Utility functions of pdfTeX for LuaTeX (HO)
 (C:\Users\eirik\AppData\Local\Programs\MiKTeX\tex/generic/infwarerr\infwarerr.sty
Package: infwarerr 2019/12/03 v1.5 Providing info/warning/error messages (HO)
)
Package pdftexcmds Info: \pdf@primitive is available.
Package pdftexcmds Info: \pdf@ifprimitive is available.
Package pdftexcmds Info: \pdfdraftmode found.
)) (C:\Users\eirik\AppData\Local\Programs\MiKTeX\tex/latex/hycolor\hycolor.sty
Package: hycolor 2020-01-27 v1.10 Color options for hyperref/bookmark (HO)
) (C:\Users\eirik\AppData\Local\Programs\MiKTeX\tex/latex/hyperref\nameref.sty
Package: nameref 2023-11-26 v2.56 Cross-referencing by name of section
 (C:\Users\eirik\AppData\Local\Programs\MiKTeX\tex/latex/refcount\refcount.sty
Package: refcount 2019/12/15 v3.6 Data extraction from label references (HO)
) (C:\Users\eirik\AppData\Local\Programs\MiKTeX\tex/generic/gettitlestring\gettitlestring.sty
Package: gettitlestring 2019/12/15 v1.6 Cleanup title references (HO)
 (C:\Users\eirik\AppData\Local\Programs\MiKTeX\tex/latex/kvoptions\kvoptions.sty
Package: kvoptions 2022-06-15 v3.15 Key value format for package options (HO)
))

Package nameref Warning: The definition of \label has changed! 
(nameref)                Check your packages! 
(nameref)                Replacing it with the kernel definition on input line 149.

\c@section@level=\count291
) (C:\Users\eirik\AppData\Local\Programs\MiKTeX\tex/latex/etoolbox\etoolbox.sty
Package: etoolbox 2020/10/05 v2.5k e-TeX tools for LaTeX (JAW)
\etb@tempcnta=\count292
) (C:\Users\eirik\AppData\Local\Programs\MiKTeX\tex/generic/stringenc\stringenc.sty
Package: stringenc 2019/11/29 v1.12 Convert strings between diff. encodings (HO)
)
\@linkdim=\dimen153
\Hy@linkcounter=\count293
\Hy@pagecounter=\count294
 (C:\Users\eirik\AppData\Local\Programs\MiKTeX\tex/latex/hyperref\pd1enc.def
File: pd1enc.def 2024-11-05 v7.01l Hyperref: PDFDocEncoding definition (HO)
Now handling font encoding PD1 ...
... no UTF-8 mapping file for font encoding PD1
) (C:\Users\eirik\AppData\Local\Programs\MiKTeX\tex/generic/intcalc\intcalc.sty
Package: intcalc 2019/12/15 v1.3 Expandable calculations with integers (HO)
)
\Hy@SavedSpaceFactor=\count295
 (C:\Users\eirik\AppData\Local\Programs\MiKTeX\tex/latex/hyperref\puenc.def
File: puenc.def 2024-11-05 v7.01l Hyperref: PDF Unicode definition (HO)
Now handling font encoding PU ...
... no UTF-8 mapping file for font encoding PU
)
Package hyperref Info: Hyper figures OFF on input line 4157.
Package hyperref Info: Link nesting OFF on input line 4162.
Package hyperref Info: Hyper index ON on input line 4165.
Package hyperref Info: Plain pages OFF on input line 4172.
Package hyperref Info: Backreferencing OFF on input line 4177.
Package hyperref Info: Implicit mode ON; LaTeX internals redefined.
Package hyperref Info: Bookmarks ON on input line 4424.
\c@Hy@tempcnt=\count296
LaTeX Info: Redefining \url on input line 4763.
\XeTeXLinkMargin=\dimen154
 (C:\Users\eirik\AppData\Local\Programs\MiKTeX\tex/generic/bitset\bitset.sty
Package: bitset 2019/12/09 v1.3 Handle bit-vector datatype (HO)
 (C:\Users\eirik\AppData\Local\Programs\MiKTeX\tex/generic/bigintcalc\bigintcalc.sty
Package: bigintcalc 2019/12/15 v1.5 Expandable calculations on big integers (HO)
))
\Fld@menulength=\count297
\Field@Width=\dimen155
\Fld@charsize=\dimen156
Package hyperref Info: Hyper figures OFF on input line 6042.
Package hyperref Info: Link nesting OFF on input line 6047.
Package hyperref Info: Hyper index ON on input line 6050.
Package hyperref Info: backreferencing OFF on input line 6057.
Package hyperref Info: Link coloring OFF on input line 6062.
Package hyperref Info: Link coloring with OCG OFF on input line 6067.
Package hyperref Info: PDF/A mode OFF on input line 6072.
 (C:\Users\eirik\AppData\Local\Programs\MiKTeX\tex/latex/base\atbegshi-ltx.sty
Package: atbegshi-ltx 2021/01/10 v1.0c Emulation of the original atbegshi
package with kernel methods
)
\Hy@abspage=\count298
\c@Item=\count299
\c@Hfootnote=\count300
)
Package hyperref Info: Driver (autodetected): hpdftex.
 (C:\Users\eirik\AppData\Local\Programs\MiKTeX\tex/latex/hyperref\hpdftex.def
File: hpdftex.def 2024-11-05 v7.01l Hyperref driver for pdfTeX
 (C:\Users\eirik\AppData\Local\Programs\MiKTeX\tex/latex/base\atveryend-ltx.sty
Package: atveryend-ltx 2020/08/19 v1.0a Emulation of the original atveryend package
with kernel methods
)
\Fld@listcount=\count301
\c@bookmark@seq@number=\count302
 (C:\Users\eirik\AppData\Local\Programs\MiKTeX\tex/latex/rerunfilecheck\rerunfilecheck.sty
Package: rerunfilecheck 2022-07-10 v1.10 Rerun checks for auxiliary files (HO)
 (C:\Users\eirik\AppData\Local\Programs\MiKTeX\tex/generic/uniquecounter\uniquecounter.sty
Package: uniquecounter 2019/12/15 v1.4 Provide unlimited unique counter (HO)
)
Package uniquecounter Info: New unique counter `rerunfilecheck' on input line 285.
)
\Hy@SectionHShift=\skip56
) (C:\Users\eirik\AppData\Local\Programs\MiKTeX\tex/latex/float\float.sty
Package: float 2001/11/08 v1.3d Float enhancements (AL)
\c@float@type=\count303
\float@exts=\toks28
\float@box=\box63
\@float@everytoks=\toks29
\@floatcapt=\box64
) (C:\Users\eirik\AppData\Local\Programs\MiKTeX\tex/latex/eqnarray\eqnarray.sty
equationarray 1.3 <December 1, 2010>
Package: eqnarray 
(C:\Users\eirik\AppData\Local\Programs\MiKTeX\tex/latex/tools\array.sty
Package: array 2024/10/17 v2.6g Tabular extension package (FMi)
\col@sep=\dimen157
\ar@mcellbox=\box65
\extrarowheight=\dimen158
\NC@list=\toks30
\extratabsurround=\skip57
\backup@length=\skip58
\ar@cellbox=\box66
)
\@eqargcnt=\count304
) (C:\Users\eirik\AppData\Local\Programs\MiKTeX\tex/latex/algorithms\algorithm.sty
Package: algorithm 2009/08/24 v0.1 Document Style `algorithm' - floating environment
 (C:\Users\eirik\AppData\Local\Programs\MiKTeX\tex/latex/base\ifthen.sty
Package: ifthen 2024/03/16 v1.1e Standard LaTeX ifthen package (DPC)
)
\@float@every@algorithm=\toks31
\c@algorithm=\count305
) (C:\Users\eirik\AppData\Local\Programs\MiKTeX\tex/latex/algorithmicx\algpseudocode.sty
Package: algpseudocode 
 (C:\Users\eirik\AppData\Local\Programs\MiKTeX\tex/latex/algorithmicx\algorithmicx.sty
Package: algorithmicx 2005/04/27 v1.2 Algorithmicx

Document Style algorithmicx 1.2 - a greatly improved `algorithmic' style
\c@ALG@line=\count306
\c@ALG@rem=\count307
\c@ALG@nested=\count308
\ALG@tlm=\skip59
\ALG@thistlm=\skip60
\c@ALG@Lnr=\count309
\c@ALG@blocknr=\count310
\c@ALG@storecount=\count311
\c@ALG@tmpcounter=\count312
\ALG@tmplength=\skip61
)
Document Style - pseudocode environments for use with the `algorithmicx' style
)
No file Report.aux.
\openout1 = `Report.aux'.

LaTeX Font Info:    Checking defaults for OML/cmm/m/it on input line 17.
LaTeX Font Info:    ... okay on input line 17.
LaTeX Font Info:    Checking defaults for OMS/cmsy/m/n on input line 17.
LaTeX Font Info:    ... okay on input line 17.
LaTeX Font Info:    Checking defaults for OT1/cmr/m/n on input line 17.
LaTeX Font Info:    ... okay on input line 17.
LaTeX Font Info:    Checking defaults for T1/cmr/m/n on input line 17.
LaTeX Font Info:    ... okay on input line 17.
LaTeX Font Info:    Checking defaults for TS1/cmr/m/n on input line 17.
LaTeX Font Info:    ... okay on input line 17.
LaTeX Font Info:    Checking defaults for OMX/cmex/m/n on input line 17.
LaTeX Font Info:    ... okay on input line 17.
LaTeX Font Info:    Checking defaults for U/cmr/m/n on input line 17.
LaTeX Font Info:    ... okay on input line 17.
LaTeX Font Info:    Checking defaults for PD1/pdf/m/n on input line 17.
LaTeX Font Info:    ... okay on input line 17.
LaTeX Font Info:    Checking defaults for PU/pdf/m/n on input line 17.
LaTeX Font Info:    ... okay on input line 17.
Class revtex4 Info: Unrecognized array package. Please update this document class! (Proceeding with fingers crossed.) on input line 17.
Class revtex4 Info: cite was not loaded (OK!) on input line 17.
Class revtex4 Info: multicol was not loaded (OK!) on input line 17.
(C:\Users\eirik\AppData\Local\Programs\MiKTeX\tex/context/base/mkii\supp-pdf.mkii
[Loading MPS to PDF converter (version 2006.09.02).]
\scratchcounter=\count313
\scratchdimen=\dimen159
\scratchbox=\box67
\nofMPsegments=\count314
\nofMParguments=\count315
\everyMPshowfont=\toks32
\MPscratchCnt=\count316
\MPscratchDim=\dimen160
\MPnumerator=\count317
\makeMPintoPDFobject=\count318
\everyMPtoPDFconversion=\toks33
) (C:\Users\eirik\AppData\Local\Programs\MiKTeX\tex/latex/epstopdf-pkg\epstopdf-base.sty
Package: epstopdf-base 2020-01-24 v2.11 Base part for package epstopdf
Package epstopdf-base Info: Redefining graphics rule for `.eps' on input line 485.
 (C:\Users\eirik\AppData\Local\Programs\MiKTeX\tex/latex/00miktex\epstopdf-sys.cfg
File: epstopdf-sys.cfg 2021/03/18 v2.0 Configuration of epstopdf for MiKTeX
))

Package hyperref Warning: Height of page (\paperheight) is invalid (0.0pt),
(hyperref)                using 11in.

Package hyperref Info: Link coloring OFF on input line 17.
\@outlinefile=\write3
\openout3 = `Report.out'.

LaTeX Font Info:    Trying to load font information for U+msa on input line 43.
(C:\Users\eirik\AppData\Local\Programs\MiKTeX\tex/latex/amsfonts\umsa.fd
File: umsa.fd 2013/01/14 v3.01 AMS symbols A
)
LaTeX Font Info:    Trying to load font information for U+msb on input line 43.
 (C:\Users\eirik\AppData\Local\Programs\MiKTeX\tex/latex/amsfonts\umsb.fd
File: umsb.fd 2013/01/14 v3.01 AMS symbols B
)

Package natbib Warning: Citation `patrec' on page 1 undefined on input line 43.


Package natbib Warning: Citation `Yamahata_2024' on page 1 undefined on input line 43.


Package natbib Warning: Citation `johau1' on page 1 undefined on input line 45.


LaTeX Warning: Hyper reference `fig:biasvariance' on page 1 undefined on input line 45.


Package natbib Warning: Citation `johau2' on page 1 undefined on input line 45.


Package natbib Warning: Citation `fysml1' on page 1 undefined on input line 57.


LaTeX Warning: Hyper reference `section:methods' on page 1 undefined on input line 59.


LaTeX Warning: Hyper reference `section:results' on page 1 undefined on input line 60.


LaTeX Warning: Hyper reference `section:conclusion' on page 1 undefined on input line 61.


LaTeX Warning: File `Figures/runges.png' not found on input line 65.


c:/Users/eirik/Documents/FYSSTK3155/FYSSTK3155/Project1/Latex/Report.tex:65: Package pdftex.def Error: File `Figures/runges.png' not found: using draft setting.

See the pdftex.def package documentation for explanation.
Type  H <return>  for immediate help.
 ...                                              
                                                  
l.65 ...[width=0.75\linewidth]{Figures/runges.png}
                                                  
Try typing  <return>  to proceed.
If that doesn't work, type  X <return>  to quit.


LaTeX Warning: `h' float specifier changed to `ht'.


Package natbib Warning: Citation `compfys' on page 1 undefined on input line 72.


Package natbib Warning: Citation `eigenvalue' on page 1 undefined on input line 72.


Package natbib Warning: Citation `hein' on page 1 undefined on input line 72.


Package natbib Warning: Citation `hastie' on page 1 undefined on input line 72.

[1{C:/Users/eirik/AppData/Local/MiKTeX/fonts/map/pdftex/pdftex.map}]

LaTeX Warning: A float is stuck (cannot be placed); try class option [floatfix] on input line 85.


Package natbib Warning: Citation `introstat' on page 2 undefined on input line 100.


Package natbib Warning: Citation `hastie1' on page 2 undefined on input line 100.


LaTeX Warning: Hyper reference `algorithm:OLS' on page 2 undefined on input line 102.


Package natbib Warning: Citation `scikit-learn' on page 2 undefined on input line 102.


Package natbib Warning: Citation `introstat' on page 2 undefined on input line 102.

Package hyperref Info: bookmark level for unknown algorithm defaults to 0 on input line 106.

Package natbib Warning: Citation `fysml2' on page 2 undefined on input line 123.


Package natbib Warning: Citation `fysml2' on page 2 undefined on input line 125.


Underfull \hbox (badness 6526) in paragraph at lines 124--126
\OT1/cmr/m/n/10 works only if $\OML/cmm/m/it/10 X[]X$ \OT1/cmr/m/n/10 can be in-verted, mean-ing
 []


Package natbib Warning: Citation `fysml2' on page 2 undefined on input line 127.

[2
pdfTeX warning (ext4): destination with the same identifier (name{figure.1}) has been already used, duplicate ignored
<argument> ...shipout:D \box_use:N \l_shipout_box 
                                                  \__shipout_drop_firstpage_...
l.128 ...to X^TX+\lambda I,\quad \lambda \geq 0,$$
                                                  ]

Package natbib Warning: Citation `elestat1' on page 3 undefined on input line 131.


LaTeX Warning: Reference `algorithm:Ridge' on page 3 undefined on input line 133.


Package natbib Warning: Citation `introstat1' on page 3 undefined on input line 136.


LaTeX Warning: Hyper reference `algorithm:Ridge' on page 3 undefined on input line 138.


LaTeX Warning: Reference `algorithm:Ridge' on page 3 undefined on input line 138.


Package natbib Warning: Citation `Raschka-et-al-2022' on page 3 undefined on input line 160.


Package natbib Warning: Citation `fysml2' on page 3 undefined on input line 168.


Package natbib Warning: Citation `Hastie-et-al-2009' on page 3 undefined on input line 168.


LaTeX Warning: Reference `algorithm:Lasso' on page 3 undefined on input line 177.


LaTeX Warning: Reference `algorithm:GD' on page 3 undefined on input line 186.


LaTeX Warning: Reference `algorithm:GDM' on page 3 undefined on input line 186.


LaTeX Warning: Reference `algorithm:SGD' on page 3 undefined on input line 186.

c:/Users/eirik/Documents/FYSSTK3155/FYSSTK3155/Project1/Latex/Report.tex:193: Undefined control sequence.
l.193 ...d on the patterns learned from the \texit
                                                  {seen data} \cite{fysml6}....
The control sequence at the end of the top line
of your error message was never \def'ed. If you have
misspelled it (e.g., `\hobx'), type `I' and the correct
spelling (e.g., `I\hbox'). Otherwise just continue,
and I'll forget about whatever was undefined.


Package natbib Warning: Citation `fysml6' on page 3 undefined on input line 193.

[3]

Package natbib Warning: Citation `introstat3' on page 4 undefined on input line 201.


LaTeX Warning: Reference `fig:biasvariancemse' on page 4 undefined on input line 203.


LaTeX Warning: File `Figures/biasvariance.png' not found on input line 207.


c:/Users/eirik/Documents/FYSSTK3155/FYSSTK3155/Project1/Latex/Report.tex:207: Package pdftex.def Error: File `Figures/biasvariance.png' not found: using draft setting.

See the pdftex.def package documentation for explanation.
Type  H <return>  for immediate help.
 ...                                              
                                                  
l.207 ...dth=\linewidth]{Figures/biasvariance.png}
                                                  
Try typing  <return>  to proceed.
If that doesn't work, type  X <return>  to quit.


LaTeX Warning: Reference `fig:biasvariancemse' on page 4 undefined on input line 215.


LaTeX Warning: Reference `fig:biasvariancemse' on page 4 undefined on input line 217.


Package natbib Warning: Citation `introstat2' on page 4 undefined on input line 217.


LaTeX Warning: Reference `fig:biasvariancemse' on page 4 undefined on input line 221.

[4
pdfTeX warning (ext4): destination with the same identifier (name{figure.2}) has been already used, duplicate ignored
<argument> ...shipout:D \box_use:N \l_shipout_box 
                                                  \__shipout_drop_firstpage_...
l.222 
      ]

Package natbib Warning: Citation `rasch3' on page 5 undefined on input line 223.


Package natbib Warning: Citation `fysml3' on page 5 undefined on input line 234.


LaTeX Warning: Reference `fig:gd' on page 5 undefined on input line 236.


LaTeX Warning: Reference `algorithm:GD' on page 5 undefined on input line 236.


Package natbib Warning: Citation `fysml4' on page 5 undefined on input line 239.


Package natbib Warning: Citation `rasch1' on page 5 undefined on input line 239.


LaTeX Warning: Reference `algorithm:GD' on page 5 undefined on input line 241.


LaTeX Warning: File `Figures/gradient_descent.png' not found on input line 259.


c:/Users/eirik/Documents/FYSSTK3155/FYSSTK3155/Project1/Latex/Report.tex:259: Package pdftex.def Error: File `Figures/gradient_descent.png' not found: using draft setting.

See the pdftex.def package documentation for explanation.
Type  H <return>  for immediate help.
 ...                                              
                                                  
l.259 ...\linewidth]{Figures/gradient_descent.png}
                                                  
Try typing  <return>  to proceed.
If that doesn't work, type  X <return>  to quit.


Package natbib Warning: Citation `Goodfellow-et-al-2016' on page 5 undefined on input line 267.

[5
pdfTeX warning (ext4): destination with the same identifier (name{figure.3}) has been already used, duplicate ignored
<argument> ...shipout:D \box_use:N \l_shipout_box 
                                                  \__shipout_drop_firstpage_...
l.271 $
       $v^{(n+1)} = \alpha v^{(n)} - \eta \boldsymbol{g}^{(n)},$$]

Package natbib Warning: Citation `Goodfellow-et-al-2016' on page 6 undefined on input line 277.


LaTeX Warning: Reference `sec:gd' on page 6 undefined on input line 301.


Package natbib Warning: Citation `fysml5' on page 6 undefined on input line 305.


LaTeX Warning: Reference `fig:sgd' on page 6 undefined on input line 307.


LaTeX Warning: Reference `fig:gd' on page 6 undefined on input line 307.


LaTeX Warning: File `Figures/gd_sgd.png' not found on input line 311.


c:/Users/eirik/Documents/FYSSTK3155/FYSSTK3155/Project1/Latex/Report.tex:311: Package pdftex.def Error: File `Figures/gd_sgd.png' not found: using draft setting.

See the pdftex.def package documentation for explanation.
Type  H <return>  for immediate help.
 ...                                              
                                                  
l.311 ...cs[width=1\linewidth]{Figures/gd_sgd.png}
                                                  
Try typing  <return>  to proceed.
If that doesn't work, type  X <return>  to quit.


Package natbib Warning: Citation `fysml1' on page 6 undefined on input line 343.


Package natbib Warning: Citation `Hastie-et-al-2009' on page 6 undefined on input line 343.


Package natbib Warning: Citation `murphy1' on page 6 undefined on input line 344.

[6
pdfTeX warning (ext4): destination with the same identifier (name{figure.4}) has been already used, duplicate ignored
<argument> ...shipout:D \box_use:N \l_shipout_box 
                                                  \__shipout_drop_firstpage_...
l.345 
      ]

Package natbib Warning: Citation `fysml1' on page 7 undefined on input line 346.


Underfull \hbox (badness 10000) in paragraph at lines 354--355
[]\OT1/cmr/m/n/10 Suppose we have a train-ing dataset $\OML/cmm/m/it/10 Z \OT1/cmr/m/n/10 =
 []


Underfull \hbox (badness 2401) in paragraph at lines 354--355
\OT1/cmr/m/n/10 (\OML/cmm/m/it/10 z[]; z[]; [] ; z[]\OT1/cmr/m/n/10 )$, and gather $\OML/cmm/m/it/10 N$ \OT1/cmr/m/n/10 num-ber of sam-ples
 []


Package natbib Warning: Citation `introstat' on page 7 undefined on input line 359.


Package natbib Warning: Citation `fysml1' on page 7 undefined on input line 359.


Package natbib Warning: Citation `Raschka-et-al-2022' on page 7 undefined on input line 359.


Package natbib Warning: Citation `murphy1' on page 7 undefined on input line 359.


Package natbib Warning: Citation `Hastie-et-al-2009' on page 7 undefined on input line 359.


Package natbib Warning: Citation `Hastie-et-al-2009' on page 7 undefined on input line 361.


Package natbib Warning: Citation `Raschka-et-al-2022' on page 7 undefined on input line 361.


Package natbib Warning: Citation `Raschka-et-al-2022' on page 7 undefined on input line 361.


Underfull \hbox (badness 10000) in paragraph at lines 364--365

 []


LaTeX Warning: Reference `fig:puppy' on page 7 undefined on input line 393.

(Report.bbl

LaTeX Warning: Reference `LastBibItem' on page 7 undefined on input line 1.


Underfull \hbox (badness 1248) in paragraph at lines 16--21
 \OT1/cmr/m/it/9 ing \OT1/cmr/m/n/9 (Springer Sci-ence, Cam-bridge CB3 0FB, U.K.,
 []


Underfull \hbox (badness 10000) in paragraph at lines 16--21
 \OT1/cmr/m/n/9 2006), URL []$\OT1/cmtt/m/n/9 https : / / github . com / CompPhysics /
 []


Underfull \hbox (badness 10000) in paragraph at lines 16--21
 \OT1/cmtt/m/n/9 MachineLearning / blob / master / doc / Textbooks /
 []


Underfull \hbox (badness 10000) in paragraph at lines 16--21
 \OT1/cmtt/m/n/9 Bishop % 20-[] % 20Pattern % 20Recognition % 20and %
 []


Overfull \vbox (9.85645pt too high) has occurred while \output is active []


Overfull \vbox (9.85645pt too high) has occurred while \output is active []

 [7]
Underfull \hbox (badness 10000) in paragraph at lines 23--27
 []\OT1/cmr/m/n/9 C. Yama-hata, \OT1/cmr/m/it/9 Vi-su-al-iz-ing ty-cho brahe's as-
 []


Underfull \hbox (badness 10000) in paragraph at lines 23--27
 \OT1/cmr/m/it/9 tro-nom-i-cal ob-ser-va-tions of mars \OT1/cmr/m/n/9 (2024), URL
 []


Underfull \hbox (badness 10000) in paragraph at lines 23--27
 []$\OT1/cmtt/m/n/9 https : / / observablehq . com / @christophe-[]yamahata /
 []


Overfull \hbox (43.3634pt too wide) in paragraph at lines 23--27
 \OT1/cmtt/m/n/9 visualizing-[]tycho-[]brahe-[]s-[]astronomical-[]observations-[]mars$[]\OT1/cmr/m/n/9 . 
 []


Underfull \hbox (badness 1533) in paragraph at lines 41--46
 []\OT1/cmr/m/n/9 M. Hjorth-Jensen, \OT1/cmr/m/it/9 Ma-chine Learn-ing Lec-ture Notes
 []


Underfull \hbox (badness 2096) in paragraph at lines 41--46
 \OT1/cmr/m/it/9 2025 \OT1/cmr/m/n/9 (De-part-ment of Physics, Uni-ver-sity of Oslo,
 []


Underfull \hbox (badness 1442) in paragraph at lines 41--46
 \OT1/cmr/m/n/9 Nor-way, 2025), URL []$\OT1/cmtt/m/n/9 https : / / compphysics . github .
 []


Underfull \hbox (badness 10000) in paragraph at lines 41--46
 \OT1/cmtt/m/n/9 io / MachineLearning / doc / LectureNotes / _build / html /
 []


Underfull \hbox (badness 10000) in paragraph at lines 48--53
 []\OT1/cmr/m/n/9 M. Hjorth-Jensen, \OT1/cmr/m/it/9 Com-pu-ta-tional Physics Lec-
 []


Underfull \hbox (badness 7451) in paragraph at lines 48--53
 \OT1/cmr/m/it/9 ture Notes 2015 \OT1/cmr/m/n/9 (De-part-ment of Physics, Uni-
 []


Underfull \hbox (badness 10000) in paragraph at lines 48--53
 \OT1/cmr/m/n/9 ver-sity of Oslo, Nor-way, 2015), URL []$\OT1/cmtt/m/n/9 https :
 []


Underfull \hbox (badness 10000) in paragraph at lines 48--53
 \OT1/cmtt/m/n/9 / / github . com / CompPhysics / ComputationalPhysics /
 []


Underfull \hbox (badness 10000) in paragraph at lines 62--68
 []$\OT1/cmtt/m/n/9 https : / / compphysics . github . io / MachineLearning /
 []


Underfull \hbox (badness 1533) in paragraph at lines 120--125
 []\OT1/cmr/m/n/9 M. Hjorth-Jensen, \OT1/cmr/m/it/9 Ma-chine Learn-ing Lec-ture Notes
 []


Underfull \hbox (badness 2096) in paragraph at lines 120--125
 \OT1/cmr/m/it/9 2025 \OT1/cmr/m/n/9 (De-part-ment of Physics, Uni-ver-sity of Oslo,
 []


Underfull \hbox (badness 1442) in paragraph at lines 120--125
 \OT1/cmr/m/n/9 Nor-way, 2025), URL []$\OT1/cmtt/m/n/9 https : / / compphysics . github .
 []


Underfull \hbox (badness 10000) in paragraph at lines 120--125
 \OT1/cmtt/m/n/9 io / MachineLearning / doc / LectureNotes / _build / html /
 []


Underfull \hbox (badness 1533) in paragraph at lines 162--167
 []\OT1/cmr/m/n/9 M. Hjorth-Jensen, \OT1/cmr/m/it/9 Ma-chine Learn-ing Lec-ture Notes
 []


Underfull \hbox (badness 2096) in paragraph at lines 162--167
 \OT1/cmr/m/it/9 2025 \OT1/cmr/m/n/9 (De-part-ment of Physics, Uni-ver-sity of Oslo,
 []


Underfull \hbox (badness 1442) in paragraph at lines 162--167
 \OT1/cmr/m/n/9 Nor-way, 2025), URL []$\OT1/cmtt/m/n/9 https : / / compphysics . github .
 []


Underfull \hbox (badness 10000) in paragraph at lines 162--167
 \OT1/cmtt/m/n/9 io / MachineLearning / doc / LectureNotes / _build / html /
 []


Underfull \hbox (badness 1533) in paragraph at lines 191--196
 []\OT1/cmr/m/n/9 M. Hjorth-Jensen, \OT1/cmr/m/it/9 Ma-chine Learn-ing Lec-ture Notes
 []


Underfull \hbox (badness 2096) in paragraph at lines 191--196
 \OT1/cmr/m/it/9 2025 \OT1/cmr/m/n/9 (De-part-ment of Physics, Uni-ver-sity of Oslo,
 []


Underfull \hbox (badness 1442) in paragraph at lines 191--196
 \OT1/cmr/m/n/9 Nor-way, 2025), URL []$\OT1/cmtt/m/n/9 https : / / compphysics . github .
 []


Underfull \hbox (badness 10000) in paragraph at lines 191--196
 \OT1/cmtt/m/n/9 io / MachineLearning / doc / LectureNotes / _build / html /
 []


Underfull \hbox (badness 1533) in paragraph at lines 198--203
 []\OT1/cmr/m/n/9 M. Hjorth-Jensen, \OT1/cmr/m/it/9 Ma-chine Learn-ing Lec-ture Notes
 []


Underfull \hbox (badness 2096) in paragraph at lines 198--203
 \OT1/cmr/m/it/9 2025 \OT1/cmr/m/n/9 (De-part-ment of Physics, Uni-ver-sity of Oslo,
 []


Underfull \hbox (badness 1442) in paragraph at lines 198--203
 \OT1/cmr/m/n/9 Nor-way, 2025), URL []$\OT1/cmtt/m/n/9 https : / / compphysics . github .
 []


Underfull \hbox (badness 10000) in paragraph at lines 198--203
 \OT1/cmtt/m/n/9 io / MachineLearning / doc / LectureNotes / _build / html /
 []


Underfull \hbox (badness 1533) in paragraph at lines 223--228
 []\OT1/cmr/m/n/9 M. Hjorth-Jensen, \OT1/cmr/m/it/9 Ma-chine Learn-ing Lec-ture Notes
 []


Underfull \hbox (badness 2096) in paragraph at lines 223--228
 \OT1/cmr/m/it/9 2025 \OT1/cmr/m/n/9 (De-part-ment of Physics, Uni-ver-sity of Oslo,
 []


Underfull \hbox (badness 1442) in paragraph at lines 223--228
 \OT1/cmr/m/n/9 Nor-way, 2025), URL []$\OT1/cmtt/m/n/9 https : / / compphysics . github .
 []


Underfull \hbox (badness 10000) in paragraph at lines 223--228
 \OT1/cmtt/m/n/9 io / MachineLearning / doc / LectureNotes / _build / html /
 []

Report.bbl:233: TeX capacity exceeded, sorry [input stack size=10000].
\@makeother #1->\catcode `#1
                            12\relax 
l.233 ...\url{\url{http://probml.github.io/book1}}
                                                  .
If you really absolutely need more capacity,
you can ask a wizard to enlarge me.

 
Here is how much of TeX's memory you used:
 14314 strings out of 473536
 220395 string characters out of 5714956
 1873997 words of memory out of 5000000
 37294 multiletter control sequences out of 15000+600000
 571373 words of font info for 81 fonts, out of 8000000 for 9000
 1141 hyphenation exceptions out of 8191
 10000i,8n,19984p,1153b,611s stack positions out of 10000i,1000n,20000p,200000b,200000s
Report.bbl:233:  ==> Fatal error occurred, no output PDF file produced!
